<?xml version="1.0" encoding="UTF-8"?>
<testng-results ignored="0" total="2" passed="1" failed="1" skipped="0">
  <reporter-output>
  </reporter-output>
  <suite started-at="2026-09-08T15:06:45 IST" name="Default suite" finished-at="2026-09-08T15:07:06 IST" duration-ms="21161">
    <groups>
    </groups>
    <test started-at="2026-09-08T15:06:45 IST" name="Default test" finished-at="2026-09-08T15:07:06 IST" duration-ms="21161">
      <class name="apkc1.ExamResultTest">
        <test-method is-config="true" signature="setup()[pri:0, instance:apkc1.ExamResultTest@5c6648b0]" started-at="2026-09-08T15:06:45 IST" name="setup" finished-at="2026-09-08T15:06:54 IST" duration-ms="9284" status="PASS">
          <reporter-output>
          </reporter-output>
        </test-method> <!-- setup -->
        <test-method signature="testApplicationLaunch()[pri:0, instance:apkc1.ExamResultTest@5c6648b0]" started-at="2026-09-08T15:06:54 IST" name="testApplicationLaunch" finished-at="2026-09-08T15:06:54 IST" duration-ms="129" status="PASS">
          <reporter-output>
          </reporter-output>
        </test-method> <!-- testApplicationLaunch -->
        <test-method is-config="true" signature="tearDown()[pri:0, instance:apkc1.ExamResultTest@5c6648b0]" started-at="2026-09-08T15:06:54 IST" name="tearDown" finished-at="2026-09-08T15:06:55 IST" duration-ms="942" status="PASS">
          <reporter-output>
          </reporter-output>
        </test-method> <!-- tearDown -->
        <test-method is-config="true" signature="setup()[pri:0, instance:apkc1.ExamResultTest@5c6648b0]" started-at="2026-09-08T15:06:55 IST" name="setup" finished-at="2026-09-08T15:07:04 IST" duration-ms="8441" status="PASS">
          <reporter-output>
          </reporter-output>
        </test-method> <!-- setup -->
        <test-method signature="testNotificationPermission()[pri:0, instance:apkc1.ExamResultTest@5c6648b0]" started-at="2026-09-08T15:07:04 IST" name="testNotificationPermission" finished-at="2026-09-08T15:07:05 IST" duration-ms="1272" status="FAIL">
          <exception class="org.openqa.selenium.NoSuchElementException">
            <message>
              <![CDATA[An element could not be located on the page using the given search parameters.
For documentation on this error, please visit: https://www.selenium.dev/documentation/webdriver/troubleshooting/errors#nosuchelementexception
Build info: version: '4.48.0', revision: '27f5213 27f5213055e28398a5105b7892b7a3bb2012a6ef'
System info: os.name: 'Windows 11', os.arch: 'amd64', os.version: '10.0', java.version: '21.0.11'
Driver info: io.appium.java_client.android.AndroidDriver
Command: [e18bde01-506c-4305-a127-be2881f93b7a, findElement {value=//android.widget.Button[@resource-id='com.android.permissioncontroller:id/permission_allow_button'], using=xpath}]
Capabilities {appium:appActivity: .MainActivity, appium:appPackage: com.ega.examresult, appium:automationName: UiAutomator2, appium:databaseEnabled: false, appium:desired: {appActivity: .MainActivity, appPackage: com.ega.examresult, automationName: UiAutomator2, deviceName: emulator-5554, platformName: ANDROID}, appium:deviceApiLevel: 37, appium:deviceManufacturer: Google, appium:deviceModel: sdk_gphone16k_x86_64, appium:deviceName: emulator-5554, appium:deviceScreenDensity: 420, appium:deviceScreenSize: 1080x2400, appium:deviceUDID: emulator-5554, appium:javascriptEnabled: true, appium:locationContextEnabled: false, appium:networkConnectionEnabled: true, appium:pixelRatio: 2.625, appium:platformVersion: 17, appium:statBarHeight: 63, appium:takesScreenshot: true, appium:viewportRect: {height: 2337, left: 0, top: 63, width: 1080}, appium:warnings: {}, appium:webStorageEnabled: false, platformName: ANDROID}
Session ID: e18bde01-506c-4305-a127-be2881f93b7a]]>
            </message>
            <full-stacktrace>
              <![CDATA[org.openqa.selenium.NoSuchElementException: An element could not be located on the page using the given search parameters.
For documentation on this error, please visit: https://www.selenium.dev/documentation/webdriver/troubleshooting/errors#nosuchelementexception
Build info: version: '4.48.0', revision: '27f5213 27f5213055e28398a5105b7892b7a3bb2012a6ef'
System info: os.name: 'Windows 11', os.arch: 'amd64', os.version: '10.0', java.version: '21.0.11'
Driver info: io.appium.java_client.android.AndroidDriver
Command: [e18bde01-506c-4305-a127-be2881f93b7a, findElement {value=//android.widget.Button[@resource-id='com.android.permissioncontroller:id/permission_allow_button'], using=xpath}]
Capabilities {appium:appActivity: .MainActivity, appium:appPackage: com.ega.examresult, appium:automationName: UiAutomator2, appium:databaseEnabled: false, appium:desired: {appActivity: .MainActivity, appPackage: com.ega.examresult, automationName: UiAutomator2, deviceName: emulator-5554, platformName: ANDROID}, appium:deviceApiLevel: 37, appium:deviceManufacturer: Google, appium:deviceModel: sdk_gphone16k_x86_64, appium:deviceName: emulator-5554, appium:deviceScreenDensity: 420, appium:deviceScreenSize: 1080x2400, appium:deviceUDID: emulator-5554, appium:javascriptEnabled: true, appium:locationContextEnabled: false, appium:networkConnectionEnabled: true, appium:pixelRatio: 2.625, appium:platformVersion: 17, appium:statBarHeight: 63, appium:takesScreenshot: true, appium:viewportRect: {height: 2337, left: 0, top: 63, width: 1080}, appium:warnings: {}, appium:webStorageEnabled: false, platformName: ANDROID}
Session ID: e18bde01-506c-4305-a127-be2881f93b7a
at org.openqa.selenium.remote.ErrorCodec.decode(ErrorCodec.java:169)
at org.openqa.selenium.remote.codec.w3c.W3CHttpResponseCodec.decode(W3CHttpResponseCodec.java:143)
at org.openqa.selenium.remote.codec.w3c.W3CHttpResponseCodec.decode(W3CHttpResponseCodec.java:50)
at org.openqa.selenium.remote.HttpCommandExecutor.execute(HttpCommandExecutor.java:196)
at io.appium.java_client.remote.AppiumCommandExecutor.execute(AppiumCommandExecutor.java:243)
at org.openqa.selenium.remote.RemoteWebDriver.execute(RemoteWebDriver.java:653)
at org.openqa.selenium.remote.ElementLocation$ElementFinder$2.findElement(ElementLocation.java:173)
at org.openqa.selenium.remote.ElementLocation.findElement(ElementLocation.java:60)
at org.openqa.selenium.remote.RemoteWebDriver.findElement(RemoteWebDriver.java:417)
at org.openqa.selenium.remote.RemoteWebDriver.findElement(RemoteWebDriver.java:411)
at apkc1.ExamResultTest.testNotificationPermission(ExamResultTest.java:60)
at java.base/jdk.internal.reflect.DirectMethodHandleAccessor.invoke(DirectMethodHandleAccessor.java:103)
at java.base/java.lang.reflect.Method.invoke(Method.java:580)
at org.testng.internal.invokers.MethodInvocationHelper.invokeMethod(MethodInvocationHelper.java:141)
at org.testng.internal.invokers.TestInvoker.invokeMethod(TestInvoker.java:687)
at org.testng.internal.invokers.TestInvoker.invokeTestMethod(TestInvoker.java:230)
at org.testng.internal.invokers.MethodRunner.runInSequence(MethodRunner.java:63)
at org.testng.internal.invokers.TestInvoker$MethodInvocationAgent.invoke(TestInvoker.java:995)
at org.testng.internal.invokers.TestInvoker.invokeTestMethods(TestInvoker.java:203)
at org.testng.internal.invokers.TestMethodWorker.invokeTestMethods(TestMethodWorker.java:154)
at org.testng.internal.invokers.TestMethodWorker.run(TestMethodWorker.java:134)
at java.base/java.util.ArrayList.forEach(ArrayList.java:1596)
at org.testng.TestRunner.privateRun(TestRunner.java:741)
at org.testng.TestRunner.run(TestRunner.java:616)
at org.testng.SuiteRunner.runTest(SuiteRunner.java:421)
at org.testng.SuiteRunner.runSequentially(SuiteRunner.java:413)
at org.testng.SuiteRunner.privateRun(SuiteRunner.java:373)
at org.testng.SuiteRunner.run(SuiteRunner.java:312)
at org.testng.SuiteRunnerWorker.runSuite(SuiteRunnerWorker.java:52)
at org.testng.SuiteRunnerWorker.run(SuiteRunnerWorker.java:95)
at org.testng.TestNG.runSuitesSequentially(TestNG.java:1274)
at org.testng.TestNG.runSuitesLocally(TestNG.java:1208)
at org.testng.TestNG.runSuites(TestNG.java:1112)
at org.testng.TestNG.run(TestNG.java:1079)
at org.testng.remote.AbstractRemoteTestNG.run(AbstractRemoteTestNG.java:115)
at org.testng.remote.RemoteTestNG.initAndRun(RemoteTestNG.java:293)
at org.testng.remote.RemoteTestNG.main(RemoteTestNG.java:91)
]]>
            </full-stacktrace>
          </exception> <!-- org.openqa.selenium.NoSuchElementException -->
          <reporter-output>
          </reporter-output>
        </test-method> <!-- testNotificationPermission -->
        <test-method is-config="true" signature="tearDown()[pri:0, instance:apkc1.ExamResultTest@5c6648b0]" started-at="2026-09-08T15:07:05 IST" name="tearDown" finished-at="2026-09-08T15:07:06 IST" duration-ms="1039" status="PASS">
          <reporter-output>
          </reporter-output>
        </test-method> <!-- tearDown -->
      </class> <!-- apkc1.ExamResultTest -->
    </test> <!-- Default test -->
  </suite> <!-- Default suite -->
</testng-results>
